#
# There is insufficient memory for the Java Runtime Environment to continue.
# Native memory allocation (mmap) failed to map 85983232 bytes for committing reserved memory.
# Possible reasons:
#   The system is out of physical RAM or swap space
#   In 32 bit mode, the process size limit was hit
# Possible solutions:
#   Reduce memory load on the system
#   Increase physical memory or swap space
#   Check if swap backing store is full
#   Use 64 bit Java on a 64 bit OS
#   Decrease Java heap size (-Xmx/-Xms)
#   Decrease number of Java threads
#   Decrease Java thread stack sizes (-Xss)
#   Set larger code cache with -XX:ReservedCodeCacheSize=
# This output file may be truncated or incomplete.
#
#  Out of Memory Error (os_linux.cpp:2627), pid=19532, tid=140379498157824
#
# JRE version: Java(TM) SE Runtime Environment (8.0_91-b14) (build 1.8.0_91-b14)
# Java VM: Java HotSpot(TM) 64-Bit Server VM (25.91-b14 mixed mode linux-amd64 compressed oops)
# Failed to write core dump. Core dumps have been disabled. To enable core dumping, try "ulimit -c unlimited" before starting Java again
#

---------------  T H R E A D  ---------------

Current thread (0x00007facb8078000):  VMThread [stack: 0x00007faca60f1000,0x00007faca61f2000] [id=19567]

Stack: [0x00007faca60f1000,0x00007faca61f2000],  sp=0x00007faca61f0320,  free space=1020k
Native frames: (J=compiled Java code, j=interpreted, Vv=VM code, C=native code)
V  [libjvm.so+0xabc18a]  VMError::report_and_die()+0x2ba
V  [libjvm.so+0x4fafeb]  report_vm_out_of_memory(char const*, int, unsigned long, VMErrorType, char const*)+0x8b
V  [libjvm.so+0x91cbb3]  os::Linux::commit_memory_impl(char*, unsigned long, bool)+0x103
V  [libjvm.so+0x91d109]  os::pd_commit_memory(char*, unsigned long, unsigned long, bool)+0x29
V  [libjvm.so+0x91740a]  os::commit_memory(char*, unsigned long, unsigned long, bool)+0x2a
V  [libjvm.so+0x98b033]  PSVirtualSpace::expand_by(unsigned long)+0x53
V  [libjvm.so+0x98c438]  PSYoungGen::resize_generation(unsigned long, unsigned long)+0xf8
V  [libjvm.so+0x98b592]  PSYoungGen::resize(unsigned long, unsigned long)+0x22
V  [libjvm.so+0x98886b]  PSScavenge::invoke_no_policy()+0xf3b
V  [libjvm.so+0x988ff1]  PSScavenge::invoke()+0x41
V  [libjvm.so+0x9408b0]  ParallelScavengeHeap::failed_mem_allocate(unsigned long)+0x70
V  [libjvm.so+0xabdba7]  VM_ParallelGCFailedAllocation::doit()+0x97
V  [libjvm.so+0xac55d5]  VM_Operation::evaluate()+0x55
V  [libjvm.so+0xac39aa]  VMThread::evaluate_operation(VM_Operation*)+0xba
V  [libjvm.so+0xac3d2e]  VMThread::loop()+0x1ce
V  [libjvm.so+0xac41a0]  VMThread::run()+0x70
V  [libjvm.so+0x91ef78]  java_start(Thread*)+0x108

VM_Operation (0x00007faca540ada0): ParallelGCFailedAllocation, mode: safepoint, requested by thread 0x00007facb8171000


---------------  P R O C E S S  ---------------

Java Threads: ( => current thread )
  0x00007facb8174000 JavaThread "pool-1-thread-4" [_thread_blocked, id=19610, stack(0x00007faca510a000,0x00007faca520b000)]
  0x00007facb8172800 JavaThread "pool-1-thread-3" [_thread_blocked, id=19609, stack(0x00007faca520b000,0x00007faca530c000)]
  0x00007facb8171000 JavaThread "pool-1-thread-2" [_thread_blocked, id=19608, stack(0x00007faca530c000,0x00007faca540d000)]
  0x00007facb816f800 JavaThread "pool-2-thread-1" [_thread_blocked, id=19607, stack(0x00007faca540d000,0x00007faca550e000)]
  0x00007facb816d800 JavaThread "pool-1-thread-1" [_thread_blocked, id=19606, stack(0x00007faca550e000,0x00007faca560f000)]
  0x00007facb80c0000 JavaThread "Service Thread" daemon [_thread_blocked, id=19594, stack(0x00007faca5710000,0x00007faca5811000)]
  0x00007facb80bd000 JavaThread "C1 CompilerThread2" daemon [_thread_blocked, id=19591, stack(0x00007faca5811000,0x00007faca5912000)]
  0x00007facb80bb800 JavaThread "C2 CompilerThread1" daemon [_thread_blocked, id=19590, stack(0x00007faca5912000,0x00007faca5a13000)]
  0x00007facb80b8800 JavaThread "C2 CompilerThread0" daemon [_thread_blocked, id=19583, stack(0x00007faca5a13000,0x00007faca5b14000)]
  0x00007facb80b7000 JavaThread "Signal Dispatcher" daemon [_thread_blocked, id=19582, stack(0x00007faca5b14000,0x00007faca5c15000)]
  0x00007facb8084000 JavaThread "Finalizer" daemon [_thread_blocked, id=19574, stack(0x00007faca5eef000,0x00007faca5ff0000)]
  0x00007facb807f800 JavaThread "Reference Handler" daemon [_thread_blocked, id=19571, stack(0x00007faca5ff0000,0x00007faca60f1000)]
  0x00007facb800a000 JavaThread "main" [_thread_blocked, id=19546, stack(0x00007facc0806000,0x00007facc0907000)]

Other Threads:
=>0x00007facb8078000 VMThread [stack: 0x00007faca60f1000,0x00007faca61f2000] [id=19567]
  0x00007facb80c2800 WatcherThread [stack: 0x00007faca560f000,0x00007faca5710000] [id=19596]

VM state:at safepoint (normal execution)

VM Mutex/Monitor currently owned by a thread:  ([mutex/lock_event])
[0x00007facb8006540] Threads_lock - owner thread: 0x00007facb8078000
[0x00007facb8006a40] Heap_lock - owner thread: 0x00007facb8171000

Heap:
 PSYoungGen      total 68608K, used 5120K [0x00000000eab00000, 0x00000000ef300000, 0x0000000100000000)
  eden space 63488K, 0% used [0x00000000eab00000,0x00000000eab00000,0x00000000ee900000)
  from space 5120K, 100% used [0x00000000ee900000,0x00000000eee00000,0x00000000eee00000)
  to   space 5120K, 0% used [0x00000000eee00000,0x00000000eee00000,0x00000000ef300000)
 ParOldGen       total 84992K, used 26474K [0x00000000c0000000, 0x00000000c5300000, 0x00000000eab00000)
  object space 84992K, 31% used [0x00000000c0000000,0x00000000c19da970,0x00000000c5300000)
 Metaspace       used 5760K, capacity 6896K, committed 7040K, reserved 1056768K
  class space    used 581K, capacity 616K, committed 640K, reserved 1048576K

Card table byte_map: [0x00007facbd3c4000,0x00007facbd5c5000] byte_map_base: 0x00007facbcdc4000

Marking Bits: (ParMarkBitMap*) 0x00007facbfce2d60
 Begin Bits: [0x00007faca7000000, 0x00007faca8000000)
 End Bits:   [0x00007faca8000000, 0x00007faca9000000)

Polling page: 0x00007facc0931000

CodeCache: size=245760Kb used=5084Kb max_used=5096Kb free=240675Kb
 bounds [0x00007faca9000000, 0x00007faca9500000, 0x00007facb8000000]
 total_blobs=1517 nmethods=1248 adapters=182
 compilation: enabled

Compilation events (10 events):
Event: 24,455 Thread 0x00007facb80b8800 nmethod 1457 0x00007faca94f5b50 code [0x00007faca94f5ca0, 0x00007faca94f5ef8]
Event: 24,455 Thread 0x00007facb80b8800 1448       4       com.android.dx.rop.cst.CstBaseMethodRef::compareTo0 (29 bytes)
Event: 24,500 Thread 0x00007facb80bd000 nmethod 1727 0x00007faca94f8050 code [0x00007faca94f83a0, 0x00007faca94fa478]
Event: 24,500 Thread 0x00007facb80bd000 1740       3       com.android.dx.ssa.back.IdenticalBlockCombiner::process (323 bytes)
Event: 24,505 Thread 0x00007facb80bb800 nmethod 1713 0x00007faca94d7350 code [0x00007faca94d7520, 0x00007faca94d7de8]
Event: 24,505 Thread 0x00007facb80bb800 1748       4       java.util.HashMap::put (13 bytes)
Event: 24,513 Thread 0x00007facb80bd000 nmethod 1740 0x00007faca94fb790 code [0x00007faca94fbb40, 0x00007faca94fdfb8]
Event: 24,513 Thread 0x00007facb80bd000 1751       3       com.android.dx.ssa.Dominators::run (506 bytes)
Event: 24,525 Thread 0x00007facb80bb800 nmethod 1748 0x00007faca94d6f90 code [0x00007faca94d70e0, 0x00007faca94d7208]
Event: 24,525 Thread 0x00007facb80bb800 1434       4       com.android.dx.rop.code.PlainInsn::<init> (73 bytes)

GC Heap History (9 events):
Event: 3,813 GC heap before
{Heap before GC invocations=1 (full 0):
 PSYoungGen      total 36864K, used 31744K [0x00000000eab00000, 0x00000000ed400000, 0x0000000100000000)
  eden space 31744K, 100% used [0x00000000eab00000,0x00000000eca00000,0x00000000eca00000)
  from space 5120K, 0% used [0x00000000ecf00000,0x00000000ecf00000,0x00000000ed400000)
  to   space 5120K, 0% used [0x00000000eca00000,0x00000000eca00000,0x00000000ecf00000)
 ParOldGen       total 84992K, used 0K [0x00000000c0000000, 0x00000000c5300000, 0x00000000eab00000)
  object space 84992K, 0% used [0x00000000c0000000,0x00000000c0000000,0x00000000c5300000)
 Metaspace       used 5616K, capacity 6768K, committed 7040K, reserved 1056768K
  class space    used 579K, capacity 616K, committed 640K, reserved 1048576K
Event: 3,853 GC heap after
Heap after GC invocations=1 (full 0):
 PSYoungGen      total 36864K, used 5111K [0x00000000eab00000, 0x00000000ed400000, 0x0000000100000000)
  eden space 31744K, 0% used [0x00000000eab00000,0x00000000eab00000,0x00000000eca00000)
  from space 5120K, 99% used [0x00000000eca00000,0x00000000ecefdc88,0x00000000ecf00000)
  to   space 5120K, 0% used [0x00000000ecf00000,0x00000000ecf00000,0x00000000ed400000)
 ParOldGen       total 84992K, used 1687K [0x00000000c0000000, 0x00000000c5300000, 0x00000000eab00000)
  object space 84992K, 1% used [0x00000000c0000000,0x00000000c01a5f10,0x00000000c5300000)
 Metaspace       used 5616K, capacity 6768K, committed 7040K, reserved 1056768K
  class space    used 579K, capacity 616K, committed 640K, reserved 1048576K
}
Event: 19,977 GC heap before
{Heap before GC invocations=2 (full 0):
 PSYoungGen      total 36864K, used 36855K [0x00000000eab00000, 0x00000000ed400000, 0x0000000100000000)
  eden space 31744K, 100% used [0x00000000eab00000,0x00000000eca00000,0x00000000eca00000)
  from space 5120K, 99% used [0x00000000eca00000,0x00000000ecefdc88,0x00000000ecf00000)
  to   space 5120K, 0% used [0x00000000ecf00000,0x00000000ecf00000,0x00000000ed400000)
 ParOldGen       total 84992K, used 1687K [0x00000000c0000000, 0x00000000c5300000, 0x00000000eab00000)
  object space 84992K, 1% used [0x00000000c0000000,0x00000000c01a5f10,0x00000000c5300000)
 Metaspace       used 5682K, capacity 6768K, committed 7040K, reserved 1056768K
  class space    used 580K, capacity 616K, committed 640K, reserved 1048576K
Event: 20,169 GC heap after
Heap after GC invocations=2 (full 0):
 PSYoungGen      total 36864K, used 5114K [0x00000000eab00000, 0x00000000ed400000, 0x0000000100000000)
  eden space 31744K, 0% used [0x00000000eab00000,0x00000000eab00000,0x00000000eca00000)
  from space 5120K, 99% used [0x00000000ecf00000,0x00000000ed3feac8,0x00000000ed400000)
  to   space 5120K, 0% used [0x00000000eca00000,0x00000000eca00000,0x00000000ecf00000)
 ParOldGen       total 84992K, used 6626K [0x00000000c0000000, 0x00000000c5300000, 0x00000000eab00000)
  object space 84992K, 7% used [0x00000000c0000000,0x00000000c0678bc8,0x00000000c5300000)
 Metaspace       used 5682K, capacity 6768K, committed 7040K, reserved 1056768K
  class space    used 580K, capacity 616K, committed 640K, reserved 1048576K
}
Event: 21,137 GC heap before
{Heap before GC invocations=3 (full 0):
 PSYoungGen      total 36864K, used 36858K [0x00000000eab00000, 0x00000000ed400000, 0x0000000100000000)
  eden space 31744K, 100% used [0x00000000eab00000,0x00000000eca00000,0x00000000eca00000)
  from space 5120K, 99% used [0x00000000ecf00000,0x00000000ed3feac8,0x00000000ed400000)
  to   space 5120K, 0% used [0x00000000eca00000,0x00000000eca00000,0x00000000ecf00000)
 ParOldGen       total 84992K, used 6626K [0x00000000c0000000, 0x00000000c5300000, 0x00000000eab00000)
  object space 84992K, 7% used [0x00000000c0000000,0x00000000c0678bc8,0x00000000c5300000)
 Metaspace       used 5710K, capacity 6832K, committed 7040K, reserved 1056768K
  class space    used 580K, capacity 616K, committed 640K, reserved 1048576K
Event: 21,281 GC heap after
Heap after GC invocations=3 (full 0):
 PSYoungGen      total 36864K, used 5120K [0x00000000eab00000, 0x00000000ef300000, 0x0000000100000000)
  eden space 31744K, 0% used [0x00000000eab00000,0x00000000eab00000,0x00000000eca00000)
  from space 5120K, 100% used [0x00000000eca00000,0x00000000ecf00000,0x00000000ecf00000)
  to   space 5120K, 0% used [0x00000000eee00000,0x00000000eee00000,0x00000000ef300000)
 ParOldGen       total 84992K, used 11606K [0x00000000c0000000, 0x00000000c5300000, 0x00000000eab00000)
  object space 84992K, 13% used [0x00000000c0000000,0x00000000c0b55ad0,0x00000000c5300000)
 Metaspace       used 5710K, capacity 6832K, committed 7040K, reserved 1056768K
  class space    used 580K, capacity 616K, committed 640K, reserved 1048576K
}
Event: 22,868 GC heap before
{Heap before GC invocations=4 (full 0):
 PSYoungGen      total 36864K, used 36864K [0x00000000eab00000, 0x00000000ef300000, 0x0000000100000000)
  eden space 31744K, 100% used [0x00000000eab00000,0x00000000eca00000,0x00000000eca00000)
  from space 5120K, 100% used [0x00000000eca00000,0x00000000ecf00000,0x00000000ecf00000)
  to   space 5120K, 0% used [0x00000000eee00000,0x00000000eee00000,0x00000000ef300000)
 ParOldGen       total 84992K, used 11606K [0x00000000c0000000, 0x00000000c5300000, 0x00000000eab00000)
  object space 84992K, 13% used [0x00000000c0000000,0x00000000c0b55ad0,0x00000000c5300000)
 Metaspace       used 5710K, capacity 6832K, committed 7040K, reserved 1056768K
  class space    used 580K, capacity 616K, committed 640K, reserved 1048576K
Event: 23,079 GC heap after
Heap after GC invocations=4 (full 0):
 PSYoungGen      total 68608K, used 5120K [0x00000000eab00000, 0x00000000ef300000, 0x0000000100000000)
  eden space 63488K, 0% used [0x00000000eab00000,0x00000000eab00000,0x00000000ee900000)
  from space 5120K, 100% used [0x00000000eee00000,0x00000000ef300000,0x00000000ef300000)
  to   space 5120K, 0% used [0x00000000ee900000,0x00000000ee900000,0x00000000eee00000)
 ParOldGen       total 84992K, used 16622K [0x00000000c0000000, 0x00000000c5300000, 0x00000000eab00000)
  object space 84992K, 19% used [0x00000000c0000000,0x00000000c103bbc8,0x00000000c5300000)
 Metaspace       used 5710K, capacity 6832K, committed 7040K, reserved 1056768K
  class space    used 580K, capacity 616K, committed 640K, reserved 1048576K
}
Event: 25,593 GC heap before
{Heap before GC invocations=5 (full 0):
 PSYoungGen      total 68608K, used 68608K [0x00000000eab00000, 0x00000000ef300000, 0x0000000100000000)
  eden space 63488K, 100% used [0x00000000eab00000,0x00000000ee900000,0x00000000ee900000)
  from space 5120K, 100% used [0x00000000eee00000,0x00000000ef300000,0x00000000ef300000)
  to   space 5120K, 0% used [0x00000000ee900000,0x00000000ee900000,0x00000000eee00000)
 ParOldGen       total 84992K, used 16622K [0x00000000c0000000, 0x00000000c5300000, 0x00000000eab00000)
  object space 84992K, 19% used [0x00000000c0000000,0x00000000c103bbc8,0x00000000c5300000)
 Metaspace       used 5760K, capacity 6896K, committed 7040K, reserved 1056768K
  class space    used 581K, capacity 616K, committed 640K, reserved 1048576K

Deoptimization events (8 events):
Event: 1,363 Thread 0x00007facb816d800 Uncommon trap: reason=unstable_if action=reinterpret pc=0x00007faca91d086c method=java.util.BitSet.nextSetBit(I)I @ 87
Event: 1,498 Thread 0x00007facb8171000 Uncommon trap: reason=null_assert action=make_not_entrant pc=0x00007faca91cc928 method=com.android.dx.rop.code.RegisterSpec$ForComparison.equals(Ljava/lang/Object;)Z @ 27
Event: 2,093 Thread 0x00007facb8174000 Uncommon trap: reason=unstable_if action=reinterpret pc=0x00007faca91d10b4 method=java.util.HashMap.getNode(ILjava/lang/Object;)Ljava/util/HashMap$Node; @ 62
Event: 2,745 Thread 0x00007facb8171000 Uncommon trap: reason=unstable_if action=reinterpret pc=0x00007faca925467c method=java.util.HashMap.getNode(ILjava/lang/Object;)Ljava/util/HashMap$Node; @ 62
Event: 3,325 Thread 0x00007facb800a000 Uncommon trap: reason=unstable_if action=reinterpret pc=0x00007faca91f1a18 method=java.lang.String.<init>([CII)V @ 18
Event: 5,062 Thread 0x00007facb8172800 Uncommon trap: reason=unloaded action=reinterpret pc=0x00007faca92c7af0 method=com.android.dx.ssa.SsaRenamer$BlockRenamer.visitMoveInsn(Lcom/android/dx/ssa/NormalSsaInsn;)V @ 208
Event: 20,669 Thread 0x00007facb816d800 Uncommon trap: reason=unstable_if action=reinterpret pc=0x00007faca93a807c method=com.android.dx.ssa.SsaRenamer$BlockRenamer.visitMoveInsn(Lcom/android/dx/ssa/NormalSsaInsn;)V @ 64
Event: 22,627 Thread 0x00007facb800a000 Uncommon trap: reason=bimorphic action=maybe_recompile pc=0x00007faca9318ec4 method=java.util.HashMap.getNode(ILjava/lang/Object;)Ljava/util/HashMap$Node; @ 126

Internal exceptions (2 events):
Event: 0,135 Thread 0x00007facb800a000 Exception <a 'java/lang/NoSuchMethodError': Method sun.misc.Unsafe.defineClass(Ljava/lang/String;[BII)Ljava/lang/Class; name or signature does not match> (0x00000000eab07cc0) thrown at [/HUDSON/workspace/8-2-build-linux-amd64/jdk8u91/6644/hotspot/src/shar
Event: 0,135 Thread 0x00007facb800a000 Exception <a 'java/lang/NoSuchMethodError': Method sun.misc.Unsafe.prefetchRead(Ljava/lang/Object;J)V name or signature does not match> (0x00000000eab07fa8) thrown at [/HUDSON/workspace/8-2-build-linux-amd64/jdk8u91/6644/hotspot/src/share/vm/prims/jni.cpp

Events (10 events):
Event: 24,334 Thread 0x00007facb800a000 DEOPT UNPACKING pc=0x00007faca9047633 sp=0x00007facc0904720 mode 0
Event: 24,365 Thread 0x00007facb816d800 DEOPT PACKING pc=0x00007faca9358a1c sp=0x00007faca560d0f0
Event: 24,365 Thread 0x00007facb816d800 DEOPT UNPACKING pc=0x00007faca9047633 sp=0x00007faca560ce38 mode 0
Event: 24,367 Thread 0x00007facb816d800 DEOPT PACKING pc=0x00007faca91ee5b9 sp=0x00007faca560d100
Event: 24,367 Thread 0x00007facb816d800 DEOPT UNPACKING pc=0x00007faca9047633 sp=0x00007faca560ce50 mode 0
Event: 24,398 loading class com/android/dx/rop/code/RegisterSpec$1
Event: 24,398 loading class com/android/dx/rop/code/RegisterSpec$1 done
Event: 24,536 Thread 0x00007facb816d800 DEOPT PACKING pc=0x00007faca938b10b sp=0x00007faca560d160
Event: 24,540 Thread 0x00007facb816d800 DEOPT UNPACKING pc=0x00007faca9047633 sp=0x00007faca560cf18 mode 0
Event: 24,542 Executing VM operation: ParallelGCFailedAllocation


Dynamic libraries:
00400000-00401000 r-xp 00000000 08:07 1186118                            /usr/lib/jvm/java-8-oracle/bin/java
00600000-00601000 rw-p 00000000 08:07 1186118                            /usr/lib/jvm/java-8-oracle/bin/java
00990000-009b1000 rw-p 00000000 00:00 0                                  [heap]
c0000000-c5300000 rw-p 00000000 00:00 0 
c5300000-eab00000 ---p 00000000 00:00 0 
eab00000-ef300000 rw-p 00000000 00:00 0 
f4500000-100000000 ---p 00000000 00:00 0 
100000000-1000a0000 rw-p 00000000 00:00 0 
1000a0000-140000000 ---p 00000000 00:00 0 
7fac58000000-7fac58025000 rw-p 00000000 00:00 0 
7fac58025000-7fac5c000000 ---p 00000000 00:00 0 
7fac60000000-7fac60024000 rw-p 00000000 00:00 0 
7fac60024000-7fac64000000 ---p 00000000 00:00 0 
7fac64000000-7fac64021000 rw-p 00000000 00:00 0 
7fac64021000-7fac68000000 ---p 00000000 00:00 0 
7fac68000000-7fac68029000 rw-p 00000000 00:00 0 
7fac68029000-7fac6c000000 ---p 00000000 00:00 0 
7fac6c000000-7fac6c021000 rw-p 00000000 00:00 0 
7fac6c021000-7fac70000000 ---p 00000000 00:00 0 
7fac70000000-7fac70021000 rw-p 00000000 00:00 0 
7fac70021000-7fac74000000 ---p 00000000 00:00 0 
7fac74000000-7fac74021000 rw-p 00000000 00:00 0 
7fac74021000-7fac78000000 ---p 00000000 00:00 0 
7fac78000000-7fac7863e000 rw-p 00000000 00:00 0 
7fac7863e000-7fac7c000000 ---p 00000000 00:00 0 
7fac7c000000-7fac7c67a000 rw-p 00000000 00:00 0 
7fac7c67a000-7fac80000000 ---p 00000000 00:00 0 
7fac80000000-7fac80021000 rw-p 00000000 00:00 0 
7fac80021000-7fac84000000 ---p 00000000 00:00 0 
7fac84000000-7fac8445a000 rw-p 00000000 00:00 0 
7fac8445a000-7fac88000000 ---p 00000000 00:00 0 
7fac88000000-7fac88021000 rw-p 00000000 00:00 0 
7fac88021000-7fac8c000000 ---p 00000000 00:00 0 
7fac8c000000-7fac8c021000 rw-p 00000000 00:00 0 
7fac8c021000-7fac90000000 ---p 00000000 00:00 0 
7fac90000000-7fac90021000 rw-p 00000000 00:00 0 
7fac90021000-7fac94000000 ---p 00000000 00:00 0 
7fac94000000-7fac9428f000 rw-p 00000000 00:00 0 
7fac9428f000-7fac98000000 ---p 00000000 00:00 0 
7fac98000000-7fac98021000 rw-p 00000000 00:00 0 
7fac98021000-7fac9c000000 ---p 00000000 00:00 0 
7fac9c000000-7fac9c021000 rw-p 00000000 00:00 0 
7fac9c021000-7faca0000000 ---p 00000000 00:00 0 
7faca0000000-7faca0021000 rw-p 00000000 00:00 0 
7faca0021000-7faca4000000 ---p 00000000 00:00 0 
7faca510a000-7faca510d000 ---p 00000000 00:00 0 
7faca510d000-7faca520b000 rw-p 00000000 00:00 0 
7faca520b000-7faca520e000 ---p 00000000 00:00 0 
7faca520e000-7faca530c000 rw-p 00000000 00:00 0 
7faca530c000-7faca530f000 ---p 00000000 00:00 0 
7faca530f000-7faca540d000 rw-p 00000000 00:00 0 
7faca540d000-7faca5410000 ---p 00000000 00:00 0 
7faca5410000-7faca550e000 rw-p 00000000 00:00 0 
7faca550e000-7faca5511000 ---p 00000000 00:00 0 
7faca5511000-7faca560f000 rw-p 00000000 00:00 0 
7faca560f000-7faca5610000 ---p 00000000 00:00 0 
7faca5610000-7faca5710000 rw-p 00000000 00:00 0 
7faca5710000-7faca5713000 ---p 00000000 00:00 0 
7faca5713000-7faca5811000 rw-p 00000000 00:00 0 
7faca5811000-7faca5814000 ---p 00000000 00:00 0 
7faca5814000-7faca5912000 rw-p 00000000 00:00 0 
7faca5912000-7faca5915000 ---p 00000000 00:00 0 
7faca5915000-7faca5a13000 rw-p 00000000 00:00 0 
7faca5a13000-7faca5a16000 ---p 00000000 00:00 0 
7faca5a16000-7faca5b14000 rw-p 00000000 00:00 0 
7faca5b14000-7faca5b17000 ---p 00000000 00:00 0 
7faca5b17000-7faca5c15000 rw-p 00000000 00:00 0 
7faca5c15000-7faca5eef000 r--p 00000000 08:07 1181102                    /usr/lib/locale/locale-archive
7faca5eef000-7faca5ef2000 ---p 00000000 00:00 0 
7faca5ef2000-7faca5ff0000 rw-p 00000000 00:00 0 
7faca5ff0000-7faca5ff3000 ---p 00000000 00:00 0 
7faca5ff3000-7faca60f1000 rw-p 00000000 00:00 0 
7faca60f1000-7faca60f2000 ---p 00000000 00:00 0 
7faca60f2000-7faca9000000 rw-p 00000000 00:00 0 
7faca9000000-7faca9500000 rwxp 00000000 00:00 0 
7faca9500000-7facb8000000 ---p 00000000 00:00 0 
7facb8000000-7facb83a1000 rw-p 00000000 00:00 0 
7facb83a1000-7facbc000000 ---p 00000000 00:00 0 
7facbc038000-7facbc059000 r--p 00000000 08:07 1840173                    /usr/share/locale-langpack/pt_BR/LC_MESSAGES/libc.mo
7facbc059000-7facbc068000 r--s 000df000 08:07 6695947                    /home/joao/Documentos/Android/build-tools/23.0.1/lib/dx.jar
7facbc068000-7facbc21b000 rw-p 00000000 00:00 0 
7facbc21b000-7facbc3f4000 r--s 03d1f000 08:07 1200431                    /usr/lib/jvm/java-8-oracle/jre/lib/rt.jar
7facbc3f4000-7facbcaaa000 rw-p 00000000 00:00 0 
7facbcaaa000-7facbcc6a000 ---p 00000000 00:00 0 
7facbcc6a000-7facbce6a000 rw-p 00000000 00:00 0 
7facbce6a000-7facbce6b000 ---p 00000000 00:00 0 
7facbce6b000-7facbcf6b000 rw-p 00000000 00:00 0 
7facbcf6b000-7facbcf6c000 ---p 00000000 00:00 0 
7facbcf6c000-7facbd06c000 rw-p 00000000 00:00 0 
7facbd06c000-7facbd06d000 ---p 00000000 00:00 0 
7facbd06d000-7facbd16d000 rw-p 00000000 00:00 0 
7facbd16d000-7facbd16e000 ---p 00000000 00:00 0 
7facbd16e000-7facbd298000 rw-p 00000000 00:00 0 
7facbd298000-7facbd3c4000 ---p 00000000 00:00 0 
7facbd3c4000-7facbd3ee000 rw-p 00000000 00:00 0 
7facbd3ee000-7facbd519000 ---p 00000000 00:00 0 
7facbd519000-7facbd53e000 rw-p 00000000 00:00 0 
7facbd53e000-7facbd5c4000 ---p 00000000 00:00 0 
7facbd5c4000-7facbd5d9000 rw-p 00000000 00:00 0 
7facbd5d9000-7facbd985000 ---p 00000000 00:00 0 
7facbd985000-7facbd99f000 r-xp 00000000 08:07 1312775                    /usr/lib/jvm/java-8-oracle/jre/lib/amd64/libzip.so
7facbd99f000-7facbdb9f000 ---p 0001a000 08:07 1312775                    /usr/lib/jvm/java-8-oracle/jre/lib/amd64/libzip.so
7facbdb9f000-7facbdba0000 rw-p 0001a000 08:07 1312775                    /usr/lib/jvm/java-8-oracle/jre/lib/amd64/libzip.so
7facbdba0000-7facbdbab000 r-xp 00000000 08:07 793806                     /lib/x86_64-linux-gnu/libnss_files-2.23.so
7facbdbab000-7facbddaa000 ---p 0000b000 08:07 793806                     /lib/x86_64-linux-gnu/libnss_files-2.23.so
7facbddaa000-7facbddab000 r--p 0000a000 08:07 793806                     /lib/x86_64-linux-gnu/libnss_files-2.23.so
7facbddab000-7facbddac000 rw-p 0000b000 08:07 793806                     /lib/x86_64-linux-gnu/libnss_files-2.23.so
7facbddac000-7facbddb2000 rw-p 00000000 00:00 0 
7facbddb2000-7facbddbd000 r-xp 00000000 08:07 793803                     /lib/x86_64-linux-gnu/libnss_nis-2.23.so
7facbddbd000-7facbdfbc000 ---p 0000b000 08:07 793803                     /lib/x86_64-linux-gnu/libnss_nis-2.23.so
7facbdfbc000-7facbdfbd000 r--p 0000a000 08:07 793803                     /lib/x86_64-linux-gnu/libnss_nis-2.23.so
7facbdfbd000-7facbdfbe000 rw-p 0000b000 08:07 793803                     /lib/x86_64-linux-gnu/libnss_nis-2.23.so
7facbdfbe000-7facbdfd4000 r-xp 00000000 08:07 793801                     /lib/x86_64-linux-gnu/libnsl-2.23.so
7facbdfd4000-7facbe1d3000 ---p 00016000 08:07 793801                     /lib/x86_64-linux-gnu/libnsl-2.23.so
7facbe1d3000-7facbe1d4000 r--p 00015000 08:07 793801                     /lib/x86_64-linux-gnu/libnsl-2.23.so
7facbe1d4000-7facbe1d5000 rw-p 00016000 08:07 793801                     /lib/x86_64-linux-gnu/libnsl-2.23.so
7facbe1d5000-7facbe1d7000 rw-p 00000000 00:00 0 
7facbe1d7000-7facbe1df000 r-xp 00000000 08:07 793778                     /lib/x86_64-linux-gnu/libnss_compat-2.23.so
7facbe1df000-7facbe3de000 ---p 00008000 08:07 793778                     /lib/x86_64-linux-gnu/libnss_compat-2.23.so
7facbe3de000-7facbe3df000 r--p 00007000 08:07 793778                     /lib/x86_64-linux-gnu/libnss_compat-2.23.so
7facbe3df000-7facbe3e0000 rw-p 00008000 08:07 793778                     /lib/x86_64-linux-gnu/libnss_compat-2.23.so
7facbe3e0000-7facbe40a000 r-xp 00000000 08:07 1312770                    /usr/lib/jvm/java-8-oracle/jre/lib/amd64/libjava.so
7facbe40a000-7facbe60a000 ---p 0002a000 08:07 1312770                    /usr/lib/jvm/java-8-oracle/jre/lib/amd64/libjava.so
7facbe60a000-7facbe60c000 rw-p 0002a000 08:07 1312770                    /usr/lib/jvm/java-8-oracle/jre/lib/amd64/libjava.so
7facbe60c000-7facbe619000 r-xp 00000000 08:07 1312774                    /usr/lib/jvm/java-8-oracle/jre/lib/amd64/libverify.so
7facbe619000-7facbe819000 ---p 0000d000 08:07 1312774                    /usr/lib/jvm/java-8-oracle/jre/lib/amd64/libverify.so
7facbe819000-7facbe81b000 rw-p 0000d000 08:07 1312774                    /usr/lib/jvm/java-8-oracle/jre/lib/amd64/libverify.so
7facbe81b000-7facbe822000 r-xp 00000000 08:07 793815                     /lib/x86_64-linux-gnu/librt-2.23.so
7facbe822000-7facbea21000 ---p 00007000 08:07 793815                     /lib/x86_64-linux-gnu/librt-2.23.so
7facbea21000-7facbea22000 r--p 00006000 08:07 793815                     /lib/x86_64-linux-gnu/librt-2.23.so
7facbea22000-7facbea23000 rw-p 00007000 08:07 793815                     /lib/x86_64-linux-gnu/librt-2.23.so
7facbea23000-7facbeb2b000 r-xp 00000000 08:07 793812                     /lib/x86_64-linux-gnu/libm-2.23.so
7facbeb2b000-7facbed2a000 ---p 00108000 08:07 793812                     /lib/x86_64-linux-gnu/libm-2.23.so
7facbed2a000-7facbed2b000 r--p 00107000 08:07 793812                     /lib/x86_64-linux-gnu/libm-2.23.so
7facbed2b000-7facbed2c000 rw-p 00108000 08:07 793812                     /lib/x86_64-linux-gnu/libm-2.23.so
7facbed2c000-7facbf9ec000 r-xp 00000000 08:07 1312753                    /usr/lib/jvm/java-8-oracle/jre/lib/amd64/server/libjvm.so
7facbf9ec000-7facbfbec000 ---p 00cc0000 08:07 1312753                    /usr/lib/jvm/java-8-oracle/jre/lib/amd64/server/libjvm.so
7facbfbec000-7facbfcc4000 rw-p 00cc0000 08:07 1312753                    /usr/lib/jvm/java-8-oracle/jre/lib/amd64/server/libjvm.so
7facbfcc4000-7facbfd0f000 rw-p 00000000 00:00 0 
7facbfd0f000-7facbfecf000 r-xp 00000000 08:07 793820                     /lib/x86_64-linux-gnu/libc-2.23.so
7facbfecf000-7facc00ce000 ---p 001c0000 08:07 793820                     /lib/x86_64-linux-gnu/libc-2.23.so
7facc00ce000-7facc00d2000 r--p 001bf000 08:07 793820                     /lib/x86_64-linux-gnu/libc-2.23.so
7facc00d2000-7facc00d4000 rw-p 001c3000 08:07 793820                     /lib/x86_64-linux-gnu/libc-2.23.so
7facc00d4000-7facc00d8000 rw-p 00000000 00:00 0 
7facc00d8000-7facc00db000 r-xp 00000000 08:07 793821                     /lib/x86_64-linux-gnu/libdl-2.23.so
7facc00db000-7facc02da000 ---p 00003000 08:07 793821                     /lib/x86_64-linux-gnu/libdl-2.23.so
7facc02da000-7facc02db000 r--p 00002000 08:07 793821                     /lib/x86_64-linux-gnu/libdl-2.23.so
7facc02db000-7facc02dc000 rw-p 00003000 08:07 793821                     /lib/x86_64-linux-gnu/libdl-2.23.so
7facc02dc000-7facc02f1000 r-xp 00000000 08:07 1192751                    /usr/lib/jvm/java-8-oracle/lib/amd64/jli/libjli.so
7facc02f1000-7facc04f1000 ---p 00015000 08:07 1192751                    /usr/lib/jvm/java-8-oracle/lib/amd64/jli/libjli.so
7facc04f1000-7facc04f2000 rw-p 00015000 08:07 1192751                    /usr/lib/jvm/java-8-oracle/lib/amd64/jli/libjli.so
7facc04f2000-7facc050a000 r-xp 00000000 08:07 793819                     /lib/x86_64-linux-gnu/libpthread-2.23.so
7facc050a000-7facc0709000 ---p 00018000 08:07 793819                     /lib/x86_64-linux-gnu/libpthread-2.23.so
7facc0709000-7facc070a000 r--p 00017000 08:07 793819                     /lib/x86_64-linux-gnu/libpthread-2.23.so
7facc070a000-7facc070b000 rw-p 00018000 08:07 793819                     /lib/x86_64-linux-gnu/libpthread-2.23.so
7facc070b000-7facc070f000 rw-p 00000000 00:00 0 
7facc070f000-7facc0735000 r-xp 00000000 08:07 793816                     /lib/x86_64-linux-gnu/ld-2.23.so
7facc0735000-7facc0741000 r--s 00062000 08:07 8551610                    /home/joao/AndroidStudioProjects/EcoWalk/app/build/intermediates/exploded-aar/com.google.android.gms/play-services-drive/8.3.0/jars/classes.jar
7facc0741000-7facc0806000 rw-p 00000000 00:00 0 
7facc0806000-7facc0809000 ---p 00000000 00:00 0 
7facc0809000-7facc090b000 rw-p 00000000 00:00 0 
7facc090d000-7facc0914000 r--s 00000000 08:07 1444980                    /usr/lib/x86_64-linux-gnu/gconv/gconv-modules.cache
7facc0914000-7facc0928000 rw-p 00000000 00:00 0 
7facc0928000-7facc0930000 rw-s 00000000 08:07 4461462                    /tmp/hsperfdata_joao/19532
7facc0930000-7facc0931000 rw-p 00000000 00:00 0 
7facc0931000-7facc0932000 ---p 00000000 00:00 0 
7facc0932000-7facc0934000 rw-p 00000000 00:00 0 
7facc0934000-7facc0935000 r--p 00025000 08:07 793816                     /lib/x86_64-linux-gnu/ld-2.23.so
7facc0935000-7facc0936000 rw-p 00026000 08:07 793816                     /lib/x86_64-linux-gnu/ld-2.23.so
7facc0936000-7facc0937000 rw-p 00000000 00:00 0 
7ffd431c4000-7ffd431e5000 rw-p 00000000 00:00 0                          [stack]
7ffd431f0000-7ffd431f2000 r--p 00000000 00:00 0                          [vvar]
7ffd431f2000-7ffd431f4000 r-xp 00000000 00:00 0                          [vdso]
ffffffffff600000-ffffffffff601000 r-xp 00000000 00:00 0                  [vsyscall]

VM Arguments:
jvm_args: -Djava.awt.headless=true -Xmx1024M -Dfile.encoding=UTF-8 -Duser.country=BR -Duser.language=pt -Duser.variant 
java_command: com.android.dx.command.Main --dex --num-threads=4 --output /home/joao/AndroidStudioProjects/EcoWalk/app/build/intermediates/pre-dexed/debug/com.google.android.gms-play-services-drive-8.3.0_bd68d9aff133817fc929d41d9cdf9233a25036d8.jar /home/joao/AndroidStudioProjects/EcoWalk/app/build/intermediates/exploded-aar/com.google.android.gms/play-services-drive/8.3.0/jars/classes.jar
java_class_path (initial): /home/joao/Documentos/Android/build-tools/23.0.1/lib/dx.jar
Launcher Type: SUN_STANDARD

Environment Variables:
PATH=/usr/local/sbin:/usr/local/bin:/usr/sbin:/usr/bin:/sbin:/bin:/usr/games:/usr/local/games
LD_LIBRARY_PATH=/home/joao/Documentos/android-studio/bin:
SHELL=/bin/bash
DISPLAY=:0

Signal Handlers:
SIGSEGV: [libjvm.so+0xabca10], sa_mask[0]=11111111011111111101111111111110, sa_flags=SA_RESTART|SA_SIGINFO
SIGBUS: [libjvm.so+0xabca10], sa_mask[0]=11111111011111111101111111111110, sa_flags=SA_RESTART|SA_SIGINFO
SIGFPE: [libjvm.so+0x919a20], sa_mask[0]=11111111011111111101111111111110, sa_flags=SA_RESTART|SA_SIGINFO
SIGPIPE: [libjvm.so+0x919a20], sa_mask[0]=11111111011111111101111111111110, sa_flags=SA_RESTART|SA_SIGINFO
SIGXFSZ: [libjvm.so+0x919a20], sa_mask[0]=11111111011111111101111111111110, sa_flags=SA_RESTART|SA_SIGINFO
SIGILL: [libjvm.so+0x919a20], sa_mask[0]=11111111011111111101111111111110, sa_flags=SA_RESTART|SA_SIGINFO
SIGUSR1: SIG_DFL, sa_mask[0]=00000000000000000000000000000000, sa_flags=none
SIGUSR2: [libjvm.so+0x91b050], sa_mask[0]=00100000000000000000000000000000, sa_flags=SA_RESTART|SA_SIGINFO
SIGHUP: [libjvm.so+0x91c450], sa_mask[0]=11111111011111111101111111111110, sa_flags=SA_RESTART|SA_SIGINFO
SIGINT: [libjvm.so+0x91c450], sa_mask[0]=11111111011111111101111111111110, sa_flags=SA_RESTART|SA_SIGINFO
SIGTERM: [libjvm.so+0x91c450], sa_mask[0]=11111111011111111101111111111110, sa_flags=SA_RESTART|SA_SIGINFO
SIGQUIT: [libjvm.so+0x91c450], sa_mask[0]=11111111011111111101111111111110, sa_flags=SA_RESTART|SA_SIGINFO


---------------  S Y S T E M  ---------------

OS:DISTRIB_ID=Ubuntu
DISTRIB_RELEASE=16.04
DISTRIB_CODENAME=xenial
DISTRIB_DESCRIPTION="Ubuntu 16.04 LTS"

uname:Linux 4.2.0-36-generic #42-Ubuntu SMP Thu May 12 22:05:35 UTC 2016 x86_64
libc:glibc 2.23 NPTL 2.23 
rlimit: STACK 8192k, CORE 0k, NPROC 31023, NOFILE 65536, AS infinity
load average:31,12 13,99 6,29

/proc/meminfo:
MemTotal:        8053596 kB
MemFree:          107808 kB
MemAvailable:     185588 kB
Buffers:             856 kB
Cached:          1772976 kB
SwapCached:         7120 kB
Active:          4488000 kB
Inactive:        1029572 kB
Active(anon):    4466824 kB
Inactive(anon):   992660 kB
Active(file):      21176 kB
Inactive(file):    36912 kB
Unevictable:         360 kB
Mlocked:             360 kB
SwapTotal:       2097148 kB
SwapFree:              0 kB
Dirty:               128 kB
Writeback:             0 kB
AnonPages:       3737968 kB
Mapped:          2458488 kB
Shmem:           1715040 kB
Slab:             132716 kB
SReclaimable:      61932 kB
SUnreclaim:        70784 kB
KernelStack:       15584 kB
PageTables:        57276 kB
NFS_Unstable:          0 kB
Bounce:                0 kB
WritebackTmp:          0 kB
CommitLimit:     6123944 kB
Committed_AS:   15000732 kB
VmallocTotal:   34359738367 kB
VmallocUsed:      575936 kB
VmallocChunk:   34358423548 kB
HardwareCorrupted:     0 kB
AnonHugePages:    872448 kB
CmaTotal:              0 kB
CmaFree:               0 kB
HugePages_Total:       0
HugePages_Free:        0
HugePages_Rsvd:        0
HugePages_Surp:        0
Hugepagesize:       2048 kB
DirectMap4k:      445888 kB
DirectMap2M:     7821312 kB
DirectMap1G:     1048576 kB


CPU:total 4 (2 cores per cpu, 2 threads per core) family 6 model 69 stepping 1, cmov, cx8, fxsr, mmx, sse, sse2, sse3, ssse3, sse4.1, sse4.2, popcnt, avx, avx2, aes, clmul, erms, lzcnt, ht, tsc, tscinvbit, bmi1, bmi2

/proc/cpuinfo:
processor	: 0
vendor_id	: GenuineIntel
cpu family	: 6
model		: 69
model name	: Intel(R) Core(TM) i5-4210U CPU @ 1.70GHz
stepping	: 1
microcode	: 0x1c
cpu MHz		: 1699.968
cache size	: 3072 KB
physical id	: 0
siblings	: 4
core id		: 0
cpu cores	: 2
apicid		: 0
initial apicid	: 0
fpu		: yes
fpu_exception	: yes
cpuid level	: 13
wp		: yes
flags		: fpu vme de pse tsc msr pae mce cx8 apic sep mtrr pge mca cmov pat pse36 clflush dts acpi mmx fxsr sse sse2 ss ht tm pbe syscall nx pdpe1gb rdtscp lm constant_tsc arch_perfmon pebs bts rep_good nopl xtopology nonstop_tsc aperfmperf eagerfpu pni pclmulqdq dtes64 monitor ds_cpl vmx est tm2 ssse3 fma cx16 xtpr pdcm pcid sse4_1 sse4_2 movbe popcnt tsc_deadline_timer aes xsave avx f16c rdrand lahf_lm abm ida arat epb pln pts dtherm tpr_shadow vnmi flexpriority ept vpid fsgsbase tsc_adjust bmi1 avx2 smep bmi2 erms invpcid xsaveopt
bugs		:
bogomips	: 4788.89
clflush size	: 64
cache_alignment	: 64
address sizes	: 39 bits physical, 48 bits virtual
power management:

processor	: 1
vendor_id	: GenuineIntel
cpu family	: 6
model		: 69
model name	: Intel(R) Core(TM) i5-4210U CPU @ 1.70GHz
stepping	: 1
microcode	: 0x1c
cpu MHz		: 1699.968
cache size	: 3072 KB
physical id	: 0
siblings	: 4
core id		: 0
cpu cores	: 2
apicid		: 1
initial apicid	: 1
fpu		: yes
fpu_exception	: yes
cpuid level	: 13
wp		: yes
flags		: fpu vme de pse tsc msr pae mce cx8 apic sep mtrr pge mca cmov pat pse36 clflush dts acpi mmx fxsr sse sse2 ss ht tm pbe syscall nx pdpe1gb rdtscp lm constant_tsc arch_perfmon pebs bts rep_good nopl xtopology nonstop_tsc aperfmperf eagerfpu pni pclmulqdq dtes64 monitor ds_cpl vmx est tm2 ssse3 fma cx16 xtpr pdcm pcid sse4_1 sse4_2 movbe popcnt tsc_deadline_timer aes xsave avx f16c rdrand lahf_lm abm ida arat epb pln pts dtherm tpr_shadow vnmi flexpriority ept vpid fsgsbase tsc_adjust bmi1 avx2 smep bmi2 erms invpcid xsaveopt
bugs		:
bogomips	: 4788.89
clflush size	: 64
cache_alignment	: 64
address sizes	: 39 bits physical, 48 bits virtual
power management:

processor	: 2
vendor_id	: GenuineIntel
cpu family	: 6
model		: 69
model name	: Intel(R) Core(TM) i5-4210U CPU @ 1.70GHz
stepping	: 1
microcode	: 0x1c
cpu MHz		: 1699.968
cache size	: 3072 KB
physical id	: 0
siblings	: 4
core id		: 1
cpu cores	: 2
apicid		: 2
initial apicid	: 2
fpu		: yes
fpu_exception	: yes
cpuid level	: 13
wp		: yes
flags		: fpu vme de pse tsc msr pae mce cx8 apic sep mtrr pge mca cmov pat pse36 clflush dts acpi mmx fxsr sse sse2 ss ht tm pbe syscall nx pdpe1gb rdtscp lm constant_tsc arch_perfmon pebs bts rep_good nopl xtopology nonstop_tsc aperfmperf eagerfpu pni pclmulqdq dtes64 monitor ds_cpl vmx est tm2 ssse3 fma cx16 xtpr pdcm pcid sse4_1 sse4_2 movbe popcnt tsc_deadline_timer aes xsave avx f16c rdrand lahf_lm abm ida arat epb pln pts dtherm tpr_shadow vnmi flexpriority ept vpid fsgsbase tsc_adjust bmi1 avx2 smep bmi2 erms invpcid xsaveopt
bugs		:
bogomips	: 4788.89
clflush size	: 64
cache_alignment	: 64
address sizes	: 39 bits physical, 48 bits virtual
power management:

processor	: 3
vendor_id	: GenuineIntel
cpu family	: 6
model		: 69
model name	: Intel(R) Core(TM) i5-4210U CPU @ 1.70GHz
stepping	: 1
microcode	: 0x1c
cpu MHz		: 1699.968
cache size	: 3072 KB
physical id	: 0
siblings	: 4
core id		: 1
cpu cores	: 2
apicid		: 3
initial apicid	: 3
fpu		: yes
fpu_exception	: yes
cpuid level	: 13
wp		: yes
flags		: fpu vme de pse tsc msr pae mce cx8 apic sep mtrr pge mca cmov pat pse36 clflush dts acpi mmx fxsr sse sse2 ss ht tm pbe syscall nx pdpe1gb rdtscp lm constant_tsc arch_perfmon pebs bts rep_good nopl xtopology nonstop_tsc aperfmperf eagerfpu pni pclmulqdq dtes64 monitor ds_cpl vmx est tm2 ssse3 fma cx16 xtpr pdcm pcid sse4_1 sse4_2 movbe popcnt tsc_deadline_timer aes xsave avx f16c rdrand lahf_lm abm ida arat epb pln pts dtherm tpr_shadow vnmi flexpriority ept vpid fsgsbase tsc_adjust bmi1 avx2 smep bmi2 erms invpcid xsaveopt
bugs		:
bogomips	: 4788.89
clflush size	: 64
cache_alignment	: 64
address sizes	: 39 bits physical, 48 bits virtual
power management:



Memory: 4k page, physical 8053596k(107808k free), swap 2097148k(0k free)

vm_info: Java HotSpot(TM) 64-Bit Server VM (25.91-b14) for linux-amd64 JRE (1.8.0_91-b14), built on Apr  1 2016 00:57:21 by "java_re" with gcc 4.3.0 20080428 (Red Hat 4.3.0-8)

time: Tue Oct 25 00:10:51 2016
elapsed time: 28 seconds (0d 0h 0m 28s)

